<?xml version="1.0" encoding="UTF-8"?>
<!-- Generated by org.testng.reporters.JUnitReportReporter -->
<testsuite hostname="DESKTOP-RKFAO4P" failures="0" tests="1" name="homePageBehavior.TC2" time="13.094" errors="0" timestamp="2023-05-15T17:12:10 IST" skipped="0">
  <testcase classname="homePageBehavior.TC2" name="GenderSelectionPreservedonSearching" time="13.094"/>
  <system-out>
    <![CDATA[Morty Smith
Alive
Male
Alien Morty
unknown
Male
Antenna Morty
Alive
Male
Aqua Morty
unknown
Male
***************AFTER SELECTING FEMALE CHARACTER*****************
Morty’s Disguise
Alive
Female
Morty’s Mother-in-law
Alive
Female
Morty’s Girlfriend
Alive
Female
Pagination is hidden]]>
  </system-out>
</testsuite> <!-- homePageBehavior.TC2 -->
