<?xml version="1.0" encoding="UTF-8"?>
<!-- Generated by org.testng.reporters.JUnitReportReporter -->
<testsuite hostname="DESKTOP-RKFAO4P" failures="0" tests="1" name="loginAndLogout.TC5" time="6.706" errors="0" timestamp="2023-05-15T17:12:10 IST" skipped="0">
  <testcase classname="loginAndLogout.TC5" name="logoutrefresh" time="6.706"/>
  <system-out>
    <![CDATA[After LOGOUT: the user is asked to enter the email and password again on page refresh]]>
  </system-out>
</testsuite> <!-- loginAndLogout.TC5 -->
