<?xml version="1.0" encoding="UTF-8"?>
<!-- Generated by org.testng.reporters.JUnitReportReporter -->
<testsuite hostname="DESKTOP-RKFAO4P" failures="0" tests="1" name="homePageBehavior.TC6" time="4.902" errors="0" timestamp="2023-05-15T17:12:10 IST" skipped="0">
  <testcase classname="homePageBehavior.TC6" name="characterDisplayScreen" time="4.902"/>
  <system-out>
    <![CDATA[Img:https://rickandmortyapi.com/api/character/avatar/1.jpeg
Rick Sanchez
Alive
Male
**************************************************
Img:https://rickandmortyapi.com/api/character/avatar/1.jpeg
Rick Sanchez
Male
Alive
Img are equal:true]]>
  </system-out>
</testsuite> <!-- homePageBehavior.TC6 -->
