<?xml version="1.0" encoding="UTF-8"?>
<!-- Generated by org.testng.reporters.JUnitReportReporter -->
<testsuite hostname="DESKTOP-RKFAO4P" failures="0" tests="1" name="homePageBehavior.TC3" time="9.393" errors="0" timestamp="2023-05-15T17:12:10 IST" skipped="0">
  <testcase classname="homePageBehavior.TC3" name="livingStatus" time="9.393"/>
  <system-out>
    <![CDATA[Antenna Rick
unknown
Male
Aqua Rick
unknown
Male
Zeta Alpha Rick
Dead
Male
Dead:Zeta Alpha Rick
Dead
Male]]>
  </system-out>
</testsuite> <!-- homePageBehavior.TC3 -->
