<?xml version="1.0" encoding="UTF-8"?>
<!-- Generated by org.testng.reporters.JUnitReportReporter -->
<testsuite hostname="DESKTOP-RKFAO4P" failures="0" tests="1" name="scripts.TC2" time="4.054" errors="0" timestamp="2023-04-29T02:48:58 IST" skipped="0">
  <testcase classname="scripts.TC2" name="wrongpassAndCorrectemail" time="4.054"/>
  <system-out/>
</testsuite> <!-- scripts.TC2 -->
