<?xml version="1.0" encoding="UTF-8"?>
<!-- Generated by org.testng.reporters.JUnitReportReporter -->
<testsuite hostname="DESKTOP-RKFAO4P" failures="0" tests="1" name="loginAndLogout.TC2" time="2.617" errors="0" timestamp="2023-05-15T17:12:10 IST" skipped="0">
  <testcase classname="loginAndLogout.TC2" name="wrongpassAndCorrectemail" time="2.617"/>
  <system-out>
    <![CDATA[Wrong password : successfully got message for correct email and incorrect password]]>
  </system-out>
</testsuite> <!-- loginAndLogout.TC2 -->
