<?xml version="1.0" encoding="UTF-8"?>
<!-- Generated by org.testng.reporters.JUnitReportReporter -->
<testsuite hostname="DESKTOP-RKFAO4P" failures="0" tests="1" name="homePageBehavior.TC1" time="10.924" errors="0" timestamp="2023-05-15T17:12:10 IST" skipped="0">
  <testcase classname="homePageBehavior.TC1" name="YieldingCorrectResults" time="10.924"/>
  <system-out>
    <![CDATA[Jerry Smith
Alive
Male
Jerry Smith
Alive
Male
Jerry Smith
Alive
Male
Pagination is not present]]>
  </system-out>
</testsuite> <!-- homePageBehavior.TC1 -->
