<?xml version="1.0" encoding="UTF-8"?>
<!-- Generated by org.testng.reporters.JUnitReportReporter -->
<testsuite hostname="DESKTOP-RKFAO4P" failures="0" tests="1" name="loginAndLogout.TC3" time="2.814" errors="0" timestamp="2023-05-15T17:12:10 IST" skipped="0">
  <testcase classname="loginAndLogout.TC3" name="wrongusername" time="2.814"/>
  <system-out>
    <![CDATA[Entering a wrong email : User not found]]>
  </system-out>
</testsuite> <!-- loginAndLogout.TC3 -->
