<?xml version="1.0" encoding="UTF-8"?>
<!-- Generated by org.testng.reporters.JUnitReportReporter -->
<testsuite hostname="DESKTOP-RKFAO4P" failures="0" tests="1" name="homePageBehavior.TC4" time="11.281" errors="0" timestamp="2023-05-15T17:12:10 IST" skipped="0">
  <testcase classname="homePageBehavior.TC4" name="ResetFilter" time="11.281"/>
  <system-out>
    <![CDATA[***************Default first four character************
Rick Sanchez
Alive
Male
Morty Smith
Alive
Male
Summer Smith
Alive
Female
Beth Smith
Alive
Female
***************After selecting Beth and unknown**********************
Goddess Beth
unknown
Female
Young Beth
unknown
Female
Young Beth
unknown
Female
***************Default first four character after Reset************
Rick Sanchez
Alive
Male
Morty Smith
Alive
Male
Summer Smith
Alive
Female
Beth Smith
Alive
Female]]>
  </system-out>
</testsuite> <!-- homePageBehavior.TC4 -->
