<?xml version="1.0" encoding="UTF-8"?>
<!-- Generated by org.testng.reporters.JUnitReportReporter -->
<testsuite hostname="DESKTOP-RKFAO4P" failures="0" tests="1" name="homePageBehavior.TC5" time="4.849" errors="0" timestamp="2023-05-15T17:12:10 IST" skipped="0">
  <testcase classname="homePageBehavior.TC5" name="noResultcase" time="4.849"/>
  <system-out>
    <![CDATA[Popup message:Characters Not Found]]>
  </system-out>
</testsuite> <!-- homePageBehavior.TC5 -->
