<?xml version="1.0" encoding="UTF-8"?>
<!-- Generated by org.testng.reporters.JUnitReportReporter -->
<testsuite hostname="DESKTOP-RKFAO4P" failures="0" tests="1" name="loginAndLogout.TC4" time="4.936" errors="0" timestamp="2023-05-15T17:12:10 IST" skipped="0">
  <testcase classname="loginAndLogout.TC4" name="successfulLoginRefresh" time="4.936"/>
  <system-out>
    <![CDATA[After LOGIN : the user is not asked to enter the email and password again on page refresh]]>
  </system-out>
</testsuite> <!-- loginAndLogout.TC4 -->
