<?xml version="1.0" encoding="UTF-8"?>
<!-- Generated by org.testng.reporters.JUnitReportReporter -->
<testsuite hostname="DESKTOP-RKFAO4P" failures="0" tests="1" name="loginAndLogout.TC1" time="3.720" errors="0" timestamp="2023-05-15T17:12:10 IST" skipped="0">
  <testcase classname="loginAndLogout.TC1" name="login" time="3.720"/>
  <system-out>
    <![CDATA[Login is successfully with given username and password
Login is successfully with given username and password
Login is unsuccessful with incorrect username and password : User not found]]>
  </system-out>
</testsuite> <!-- loginAndLogout.TC1 -->
